
> frontend@0.1.0 start
> react-scripts start

(node:6358) [DEP0176] DeprecationWarning: fs.F_OK is deprecated, use fs.constants.F_OK instead
(Use `node --trace-deprecation ...` to show where the warning was created)
Browserslist: browsers data (caniuse-lite) is 16 months old. Please run:
  npx update-browserslist-db@latest
  Why you should do it regularly: https://github.com/browserslist/update-db#readme
(node:6358) [DEP_WEBPACK_DEV_SERVER_ON_AFTER_SETUP_MIDDLEWARE] DeprecationWarning: 'onAfterSetupMiddleware' option is deprecated. Please use the 'setupMiddlewares' option.
(node:6358) [DEP_WEBPACK_DEV_SERVER_ON_BEFORE_SETUP_MIDDLEWARE] DeprecationWarning: 'onBeforeSetupMiddleware' option is deprecated. Please use the 'setupMiddlewares' option.
Starting the development server...

[0;33mOne of your dependencies, babel-preset-react-app, is importing the
"@babel/plugin-proposal-private-property-in-object" package without
declaring it in its dependencies. This is currently working because
"@babel/plugin-proposal-private-property-in-object" is already in your
node_modules folder for unrelated reasons, but it [1mmay break at any time[0;33m.

babel-preset-react-app is part of the create-react-app project, [1mwhich
is not maintianed anymore[0;33m. It is thus unlikely that this bug will
ever be fixed. Add "@babel/plugin-proposal-private-property-in-object" to
your devDependencies to work around this error. This will make this message
go away.[0m
  
Compiled with warnings.

[eslint] 
src/pages/StockAnalysis.js
  Line 4:10:   'LineChart' is defined but never used        no-unused-vars
  Line 4:21:   'Line' is defined but never used             no-unused-vars
  Line 11:11:  'isDark' is assigned a value but never used  no-unused-vars

Search for the keywords to learn more about each warning.
To ignore, add // eslint-disable-next-line to the line before.

WARNING in [eslint] 
src/pages/StockAnalysis.js
  Line 4:10:   'LineChart' is defined but never used        no-unused-vars
  Line 4:21:   'Line' is defined but never used             no-unused-vars
  Line 11:11:  'isDark' is assigned a value but never used  no-unused-vars

webpack compiled with 1 warning
Compiling...
Compiled with warnings.

[eslint] 
src/pages/StockAnalysis.js
  Line 4:10:   'LineChart' is defined but never used        no-unused-vars
  Line 4:21:   'Line' is defined but never used             no-unused-vars
  Line 11:11:  'isDark' is assigned a value but never used  no-unused-vars

Search for the keywords to learn more about each warning.
To ignore, add // eslint-disable-next-line to the line before.

WARNING in [eslint] 
src/pages/StockAnalysis.js
  Line 4:10:   'LineChart' is defined but never used        no-unused-vars
  Line 4:21:   'Line' is defined but never used             no-unused-vars
  Line 11:11:  'isDark' is assigned a value but never used  no-unused-vars

webpack compiled with 1 warning
